<?xml version="1.0" encoding="UTF-8"?>
<!-- Generated by org.testng.reporters.JUnitReportReporter -->
<testsuite hostname="DESKTOP-B4ND95H" failures="0" tests="4" name="com.testNGScripts.Home_Loan" time="0.031" errors="0" timestamp="2024-07-13T22:52:48 IST" skipped="0">
  <testcase classname="com.testNGScripts.Home_Loan" name="hLoan1" time="0.010"/>
  <system-out/>
  <testcase classname="com.testNGScripts.Home_Loan" name="hLoan2" time="0.006"/>
  <system-out/>
  <testcase classname="com.testNGScripts.Home_Loan" name="hLoan4" time="0.010"/>
  <system-out/>
  <testcase classname="com.testNGScripts.Home_Loan" name="hLoan3" time="0.005"/>
  <system-out/>
</testsuite> <!-- com.testNGScripts.Home_Loan -->
