<?xml version="1.0" encoding="UTF-8"?>
<!-- Generated by org.testng.reporters.JUnitReportReporter -->
<testsuite hostname="DESKTOP-B4ND95H" failures="0" tests="4" name="com.testNGScripts.BeforeClass_and_BeforeGroups" time="0.043" errors="0" timestamp="2024-07-16T09:42:21 IST" skipped="0">
  <testcase classname="com.testNGScripts.BeforeClass_and_BeforeGroups" name="test2" time="0.005"/>
  <system-out/>
  <testcase classname="com.testNGScripts.BeforeClass_and_BeforeGroups" name="test4" time="0.008"/>
  <system-out/>
  <testcase classname="com.testNGScripts.BeforeClass_and_BeforeGroups" name="test1" time="0.018"/>
  <system-out/>
  <testcase classname="com.testNGScripts.BeforeClass_and_BeforeGroups" name="test3" time="0.012"/>
  <system-out/>
</testsuite> <!-- com.testNGScripts.BeforeClass_and_BeforeGroups -->
