<?xml version="1.0" encoding="UTF-8"?>
<!-- Generated by org.testng.reporters.JUnitReportReporter -->
<testsuite hostname="DESKTOP-B4ND95H" failures="0" tests="3" name="com.testNGScripts.TestNGDataProviderEx" time="0.016" errors="0" timestamp="2024-05-28T21:37:06 IST" skipped="0">
  <testcase classname="com.testNGScripts.TestNGDataProviderEx" name="myTest" time="0.011"/>
  <system-out/>
  <testcase classname="com.testNGScripts.TestNGDataProviderEx" name="myTest" time="0.003"/>
  <system-out/>
  <testcase classname="com.testNGScripts.TestNGDataProviderEx" name="myTest" time="0.002"/>
  <system-out/>
</testsuite> <!-- com.testNGScripts.TestNGDataProviderEx -->
