<?xml version="1.0" encoding="UTF-8"?>
<!-- Generated by org.testng.reporters.JUnitReportReporter -->
<testsuite hostname="DESKTOP-B4ND95H" failures="0" tests="2" name="com.testNGScripts.Ann1" time="0.027" errors="0" timestamp="2024-01-31T11:45:04 IST" skipped="0">
  <testcase classname="com.testNGScripts.Ann1" name="TestCase_1" time="0.020"/>
  <system-out/>
  <testcase classname="com.testNGScripts.Ann1" name="TestCase_2" time="0.007"/>
  <system-out/>
</testsuite> <!-- com.testNGScripts.Ann1 -->
