<?xml version="1.0" encoding="UTF-8"?>
<!-- Generated by org.testng.reporters.JUnitReportReporter -->
<testsuite hostname="DESKTOP-B4ND95H" failures="0" tests="2" name="com.testNGScripts.CrossBrowserTesting" time="12.402" errors="0" timestamp="2024-04-10T08:31:59 IST" skipped="0">
  <testcase classname="com.testNGScripts.CrossBrowserTesting" name="tests" time="4.017"/>
  <system-out/>
  <testcase classname="com.testNGScripts.CrossBrowserTesting" name="tests" time="8.385"/>
  <system-out/>
</testsuite> <!-- com.testNGScripts.CrossBrowserTesting -->
