<?xml version="1.0" encoding="UTF-8"?>
<!-- Generated by org.testng.reporters.JUnitReportReporter -->
<testsuite hostname="DESKTOP-B4ND95H" failures="0" tests="2" name="com.testNGScripts.TestWithRegularExp" time="0.024" errors="0" timestamp="2024-03-15T12:31:49 IST" skipped="0">
  <testcase classname="com.testNGScripts.TestWithRegularExp" name="mobile_TestCase_2" time="0.004"/>
  <system-out/>
  <testcase classname="com.testNGScripts.TestWithRegularExp" name="mobile_TestCase_1" time="0.020"/>
  <system-out/>
</testsuite> <!-- com.testNGScripts.TestWithRegularExp -->
