<?xml version="1.0" encoding="UTF-8"?>
<!-- Generated by org.testng.reporters.JUnitReportReporter -->
<testsuite hostname="DESKTOP-B4ND95H" failures="0" tests="1" name="com.testNGScripts.TestParams" time="0.012" errors="0" timestamp="2024-07-13T22:48:43 IST" skipped="0">
  <testcase classname="com.testNGScripts.TestParams" name="rrrr" time="0.012"/>
  <system-out/>
</testsuite> <!-- com.testNGScripts.TestParams -->
