<?xml version="1.0" encoding="UTF-8"?>
<!-- Generated by org.testng.reporters.JUnitReportReporter -->
<testsuite hostname="DESKTOP-B4ND95H" failures="0" tests="1" name="com.testNGScripts.Personel_Loan" time="0.009" errors="0" timestamp="2024-07-13T22:52:48 IST" skipped="0">
  <testcase classname="com.testNGScripts.Personel_Loan" name="pLoan1" time="0.009"/>
  <system-out/>
</testsuite> <!-- com.testNGScripts.Personel_Loan -->
