<?xml version="1.0" encoding="UTF-8"?>
<!-- Generated by org.testng.reporters.JUnitReportReporter -->
<testsuite hostname="DESKTOP-B4ND95H" failures="0" tests="3" name="com.testNGScripts.Test3" time="0.017" errors="0" timestamp="2024-03-15T12:31:19 IST" skipped="0">
  <testcase classname="com.testNGScripts.Test3" name="app_TestCase_3" time="0.009"/>
  <system-out/>
  <testcase classname="com.testNGScripts.Test3" name="app_TestCase_4" time="0.005"/>
  <system-out/>
  <testcase classname="com.testNGScripts.Test3" name="app_testCase_3" time="0.003"/>
  <system-out/>
</testsuite> <!-- com.testNGScripts.Test3 -->
