<?xml version="1.0" encoding="UTF-8"?>
<!-- Generated by org.testng.reporters.JUnitReportReporter -->
<testsuite hostname="DESKTOP-B4ND95H" failures="0" tests="2" name="com.testng.listeners.TestCase3" time="0.006" errors="0" timestamp="2024-07-13T22:33:08 IST" skipped="0">
  <testcase classname="com.testng.listeners.TestCase3" name="testCase2" time="0.004"/>
  <system-out/>
  <testcase classname="com.testng.listeners.TestCase3" name="testCase1" time="0.002"/>
  <system-out/>
</testsuite> <!-- com.testng.listeners.TestCase3 -->
