<?xml version="1.0" encoding="UTF-8"?>
<!-- Generated by org.testng.reporters.JUnitReportReporter -->
<testsuite hostname="DESKTOP-B4ND95H" failures="0" tests="1" name="com.testNGScripts.TestNgTestAttributes" time="0.519" errors="0" timestamp="2024-04-10T17:17:23 IST" skipped="0">
  <testcase classname="com.testNGScripts.TestNgTestAttributes" name="test_timeout1111" time="0.519"/>
  <system-out/>
</testsuite> <!-- com.testNGScripts.TestNgTestAttributes -->
